2025-09-05 09:53:00 | WARN | repo=pv243-javaee-7 | action=commit
2025-03-15 21:35:00 | WARN | repo=pv243-javaee-7 | action=commit
2025-12-17 09:15:00 | DEBUG | repo=pv243-javaee-7 | action=commit
2025-01-27 16:13:00 | DEBUG | repo=pv243-javaee-7 | action=commit
2025-10-14 18:45:00 | INFO | repo=pv243-javaee-7 | action=commit
2025-07-04 20:59:00 | WARN | repo=pv243-javaee-7 | action=pull
2025-07-08 08:42:00 | DEBUG | repo=pv243-javaee-7 | action=commit
2025-05-07 11:05:00 | DEBUG | repo=pv243-javaee-7 | action=commit
2025-10-01 08:29:00 | INFO | repo=pv243-javaee-7 | action=commit
2025-04-12 10:58:00 | WARN | repo=pv243-javaee-7 | action=commit
2025-04-08 15:58:00 | INFO | repo=pv243-javaee-7 | action=commit
2025-09-09 19:34:00 | INFO | repo=pv243-javaee-7 | action=edit | files=5
2025-02-18 21:21:00 | DEBUG | repo=pv243-javaee-7 | action=commit
2025-07-16 19:48:00 | DEBUG | repo=pv243-javaee-7 | action=edit | files=5
2025-03-10 09:24:00 | INFO | repo=pv243-javaee-7 | action=commit
2025-09-27 18:13:00 | DEBUG | repo=pv243-javaee-7 | action=commit
2025-12-10 19:12:00 | WARN | repo=pv243-javaee-7 | action=commit
2025-11-04 07:11:00 | INFO | repo=pv243-javaee-7 | action=commit
2025-04-04 11:52:00 | DEBUG | repo=pv243-javaee-7 | action=commit
2025-12-16 20:54:00 | DEBUG | repo=pv243-javaee-7 | action=edit | files=1
2025-07-10 12:55:00 | DEBUG | repo=pv243-javaee-7 | action=commit
2025-03-08 11:37:00 | INFO | repo=pv243-javaee-7 | action=commit
2025-10-03 11:04:00 | INFO | repo=pv243-javaee-7 | action=commit
2025-02-14 10:41:00 | DEBUG | repo=pv243-javaee-7 | action=commit
2025-11-27 20:49:00 | DEBUG | repo=pv243-javaee-7 | action=test | passed=true
2025-12-15 13:37:00 | WARN | repo=pv243-javaee-7 | action=edit | files=5
2025-09-02 12:40:00 | INFO | repo=pv243-javaee-7 | action=commit
2025-06-17 13:31:00 | WARN | repo=pv243-javaee-7 | action=commit
2025-09-10 19:02:00 | DEBUG | repo=pv243-javaee-7 | action=commit
2025-08-02 10:44:00 | DEBUG | repo=pv243-javaee-7 | action=commit
2025-12-17 21:12:00 | WARN | repo=pv243-javaee-7 | action=commit
2025-08-21 19:09:00 | DEBUG | repo=pv243-javaee-7 | action=commit
2025-05-16 16:56:00 | DEBUG | repo=pv243-javaee-7 | action=commit
2025-03-11 18:45:00 | INFO | repo=pv243-javaee-7 | action=commit
2025-10-23 21:41:00 | WARN | repo=pv243-javaee-7 | action=commit
2025-08-11 19:36:00 | DEBUG | repo=pv243-javaee-7 | action=edit | files=1
2025-07-26 08:23:00 | INFO | repo=pv243-javaee-7 | action=test | passed=true
2025-04-15 19:51:00 | DEBUG | repo=pv243-javaee-7 | action=commit
2025-10-25 18:19:00 | WARN | repo=pv243-javaee-7 | action=commit
2025-12-09 12:11:00 | DEBUG | repo=pv243-javaee-7 | action=commit
